<?xml version="1.0" encoding="UTF-8" ?>
<testsuites>
 <testsuite name="tam4 App" timestamp="2017-06-27T20:45:50" hostname="localhost" time="1.372" errors="0" tests="1" skipped="0" disabled="0" failures="0">
  <testcase classname="tam4 App" name="should have a title" time="1.37" />
 </testsuite>
 <testsuite name="TAM4 Login" timestamp="2017-06-27T20:45:51" hostname="localhost" time="1.274" errors="0" tests="1" skipped="0" disabled="0" failures="0">
  <testcase classname="TAM4 Login" name="should display title saying Login To Your Account" time="1.274" />
 </testsuite>
</testsuites>
